<?xml version="1.0" encoding="UTF-8"?>
<!-- Generated by org.testng.reporters.JUnitXMLReporter -->
<testsuite ignored="0" hostname="Dell" failures="0" tests="4" name="Default test" time="0.198" errors="0" timestamp="2025-03-10T18:22:24 IST">
  <testcase classname="tests.Test2" name="test1" time="0.031"/>
  <testcase classname="tests.Test2" name="test2" time="0.005"/>
  <testcase classname="tests.Test2" name="test3" time="0.005"/>
  <testcase classname="tests.Test2" name="test4" time="0.006"/>
</testsuite> <!-- Default test -->
