<?xml version="1.0" encoding="UTF-8"?>
<testng-results ignored="0" total="1" passed="1" failed="0" skipped="0">
  <reporter-output>
  </reporter-output>
  <suite started-at="2025-03-12T20:28:06 IST" name="Suite" finished-at="2025-03-12T20:28:30 IST" duration-ms="23894">
    <groups>
    </groups>
    <test started-at="2025-03-12T20:28:06 IST" name="Test" finished-at="2025-03-12T20:28:30 IST" duration-ms="23894">
      <class name="tests.LoginUITestusingProperties">
        <test-method is-config="true" signature="setUp()[pri:0, instance:tests.LoginUITestusingProperties@15dcfae7]" started-at="2025-03-12T20:28:06 IST" name="setUp" finished-at="2025-03-12T20:28:21 IST" duration-ms="14520" status="PASS">
          <reporter-output>
          </reporter-output>
        </test-method> <!-- setUp -->
        <test-method signature="testValidLogin()[pri:0, instance:tests.LoginUITestusingProperties@15dcfae7]" started-at="2025-03-12T20:28:21 IST" name="testValidLogin" finished-at="2025-03-12T20:28:28 IST" duration-ms="7589" status="PASS">
          <reporter-output>
          </reporter-output>
        </test-method> <!-- testValidLogin -->
        <test-method is-config="true" signature="tearDown()[pri:0, instance:tests.LoginUITestusingProperties@15dcfae7]" started-at="2025-03-12T20:28:28 IST" name="tearDown" finished-at="2025-03-12T20:28:30 IST" duration-ms="1518" status="PASS">
          <reporter-output>
          </reporter-output>
        </test-method> <!-- tearDown -->
      </class> <!-- tests.LoginUITestusingProperties -->
    </test> <!-- Test -->
  </suite> <!-- Suite -->
</testng-results>
