<?xml version="1.0" encoding="UTF-8"?>
<testng-results ignored="0" total="1" passed="1" failed="0" skipped="0">
  <reporter-output>
  </reporter-output>
  <suite started-at="2025-03-12T19:06:34 IST" name="Suite" finished-at="2025-03-12T19:06:50 IST" duration-ms="16442">
    <groups>
    </groups>
    <test started-at="2025-03-12T19:06:34 IST" name="Test" finished-at="2025-03-12T19:06:50 IST" duration-ms="16442">
      <class name="tests.LoginUITestusingProperties">
        <test-method is-config="true" signature="setUp()[pri:0, instance:tests.LoginUITestusingProperties@6fff253c]" started-at="2025-03-12T19:06:34 IST" name="setUp" finished-at="2025-03-12T19:06:43 IST" duration-ms="9371" status="PASS">
          <reporter-output>
          </reporter-output>
        </test-method> <!-- setUp -->
        <test-method signature="testValidLogin()[pri:0, instance:tests.LoginUITestusingProperties@6fff253c]" started-at="2025-03-12T19:06:43 IST" name="testValidLogin" finished-at="2025-03-12T19:06:50 IST" duration-ms="6277" status="PASS">
          <reporter-output>
          </reporter-output>
        </test-method> <!-- testValidLogin -->
        <test-method is-config="true" signature="tearDown()[pri:0, instance:tests.LoginUITestusingProperties@6fff253c]" started-at="2025-03-12T19:06:50 IST" name="tearDown" finished-at="2025-03-12T19:06:50 IST" duration-ms="599" status="PASS">
          <reporter-output>
          </reporter-output>
        </test-method> <!-- tearDown -->
      </class> <!-- tests.LoginUITestusingProperties -->
    </test> <!-- Test -->
  </suite> <!-- Suite -->
</testng-results>
